<?xml version="1.0" encoding="UTF-8"?>
<testng-results ignored="0" total="1" passed="1" failed="0" skipped="0">
  <reporter-output>
  </reporter-output>
  <suite started-at="2024-10-27T19:39:34 IST" name="Default suite" finished-at="2024-10-27T19:39:47 IST" duration-ms="12895">
    <groups>
    </groups>
    <test started-at="2024-10-27T19:39:34 IST" name="Default test" finished-at="2024-10-27T19:39:47 IST" duration-ms="12895">
      <class name="sprint6_Devi.nba_assessment">
        <test-method signature="assessment()[pri:0, instance:sprint6_Devi.nba_assessment@53ce1329]" started-at="2024-10-27T19:39:34 IST" name="assessment" finished-at="2024-10-27T19:39:47 IST" duration-ms="12866" status="PASS">
          <reporter-output>
          </reporter-output>
        </test-method> <!-- assessment -->
      </class> <!-- sprint6_Devi.nba_assessment -->
    </test> <!-- Default test -->
  </suite> <!-- Default suite -->
</testng-results>
